  Player.cpp
D:\A_HOC_TAP\Cac_mon_HK2_nam_1\Lap_trinh_nang_cao\code_game\Flappy_Bird_Lta\Flappy_Bird_Lta\src\Player.cpp(13,27): warning C4244: 'argument': conversion from 'const double' to 'int', possible loss of data
D:\A_HOC_TAP\Cac_mon_HK2_nam_1\Lap_trinh_nang_cao\code_game\Flappy_Bird_Lta\Flappy_Bird_Lta\src\Player.cpp(13,23): warning C4244: 'argument': conversion from 'const double' to 'int', possible loss of data
D:\A_HOC_TAP\Cac_mon_HK2_nam_1\Lap_trinh_nang_cao\code_game\Flappy_Bird_Lta\Flappy_Bird_Lta\src\Player.cpp(13,16): warning C4244: 'argument': conversion from 'double' to 'int', possible loss of data
D:\A_HOC_TAP\Cac_mon_HK2_nam_1\Lap_trinh_nang_cao\code_game\Flappy_Bird_Lta\Flappy_Bird_Lta\src\Player.cpp(13,12): warning C4244: 'argument': conversion from 'const double' to 'int', possible loss of data
D:\A_HOC_TAP\Cac_mon_HK2_nam_1\Lap_trinh_nang_cao\code_game\Flappy_Bird_Lta\Flappy_Bird_Lta\src\Player.cpp(28,27): warning C4244: 'argument': conversion from 'const double' to 'int', possible loss of data
D:\A_HOC_TAP\Cac_mon_HK2_nam_1\Lap_trinh_nang_cao\code_game\Flappy_Bird_Lta\Flappy_Bird_Lta\src\Player.cpp(28,23): warning C4244: 'argument': conversion from 'const double' to 'int', possible loss of data
D:\A_HOC_TAP\Cac_mon_HK2_nam_1\Lap_trinh_nang_cao\code_game\Flappy_Bird_Lta\Flappy_Bird_Lta\src\Player.cpp(28,16): warning C4244: 'argument': conversion from 'double' to 'int', possible loss of data
D:\A_HOC_TAP\Cac_mon_HK2_nam_1\Lap_trinh_nang_cao\code_game\Flappy_Bird_Lta\Flappy_Bird_Lta\src\Player.cpp(28,12): warning C4244: 'argument': conversion from 'const double' to 'int', possible loss of data
D:\A_HOC_TAP\Cac_mon_HK2_nam_1\Lap_trinh_nang_cao\code_game\Flappy_Bird_Lta\Flappy_Bird_Lta\src\Player.cpp(52,26): warning C4244: 'argument': conversion from 'const double' to 'int', possible loss of data
D:\A_HOC_TAP\Cac_mon_HK2_nam_1\Lap_trinh_nang_cao\code_game\Flappy_Bird_Lta\Flappy_Bird_Lta\src\Player.cpp(52,22): warning C4244: 'argument': conversion from 'const double' to 'int', possible loss of data
D:\A_HOC_TAP\Cac_mon_HK2_nam_1\Lap_trinh_nang_cao\code_game\Flappy_Bird_Lta\Flappy_Bird_Lta\src\Player.cpp(82,27): warning C4244: 'argument': conversion from 'const double' to 'int', possible loss of data
D:\A_HOC_TAP\Cac_mon_HK2_nam_1\Lap_trinh_nang_cao\code_game\Flappy_Bird_Lta\Flappy_Bird_Lta\src\Player.cpp(82,23): warning C4244: 'argument': conversion from 'const double' to 'int', possible loss of data
D:\A_HOC_TAP\Cac_mon_HK2_nam_1\Lap_trinh_nang_cao\code_game\Flappy_Bird_Lta\Flappy_Bird_Lta\src\Player.cpp(82,16): warning C4244: 'argument': conversion from 'double' to 'int', possible loss of data
D:\A_HOC_TAP\Cac_mon_HK2_nam_1\Lap_trinh_nang_cao\code_game\Flappy_Bird_Lta\Flappy_Bird_Lta\src\Player.cpp(82,12): warning C4244: 'argument': conversion from 'const double' to 'int', possible loss of data
D:\A_HOC_TAP\Cac_mon_HK2_nam_1\Lap_trinh_nang_cao\code_game\Flappy_Bird_Lta\Flappy_Bird_Lta\src\Player.cpp(110,12): warning C4244: 'initializing': conversion from 'double' to 'int', possible loss of data
D:\A_HOC_TAP\Cac_mon_HK2_nam_1\Lap_trinh_nang_cao\code_game\Flappy_Bird_Lta\Flappy_Bird_Lta\src\Player.cpp(119,19): warning C4244: 'argument': conversion from 'double' to 'int', possible loss of data
  main.cpp
  Generating Code...
  Flappy_Bird_Lta.vcxproj -> D:\A_HOC_TAP\Cac_mon_HK2_nam_1\Lap_trinh_nang_cao\code_game\Flappy_Bird_Lta\x64\Debug\Flappy_Bird_Lta.exe
